  IncrementingClass.cpp
  main.cpp
D:\Random programs\Puzzle Panel Solver but C++\Puzzle Panel Solver but C++\ProgramLogic.h(22,2): warning C4091: 'static ': ignored on left of 'ProgramLogic' when no variable is declared
  ProgramLogic.cpp
D:\Random programs\Puzzle Panel Solver but C++\Puzzle Panel Solver but C++\ProgramLogic.h(22,2): warning C4091: 'static ': ignored on left of 'ProgramLogic' when no variable is declared
D:\Random programs\Puzzle Panel Solver but C++\Puzzle Panel Solver but C++\ProgramLogic.cpp(30,20): warning C4018: '<': signed/unsigned mismatch
D:\Random programs\Puzzle Panel Solver but C++\Puzzle Panel Solver but C++\ProgramLogic.cpp(32,21): warning C4018: '<': signed/unsigned mismatch
D:\Random programs\Puzzle Panel Solver but C++\Puzzle Panel Solver but C++\ProgramLogic.cpp(48,20): warning C4018: '<': signed/unsigned mismatch
D:\Random programs\Puzzle Panel Solver but C++\Puzzle Panel Solver but C++\ProgramLogic.cpp(52,21): warning C4018: '<': signed/unsigned mismatch
D:\Random programs\Puzzle Panel Solver but C++\Puzzle Panel Solver but C++\ProgramLogic.cpp(71,21): warning C4018: '<': signed/unsigned mismatch
D:\Random programs\Puzzle Panel Solver but C++\Puzzle Panel Solver but C++\ProgramLogic.cpp(82,21): warning C4018: '<': signed/unsigned mismatch
D:\Random programs\Puzzle Panel Solver but C++\Puzzle Panel Solver but C++\ProgramLogic.cpp(84,22): warning C4018: '<': signed/unsigned mismatch
D:\Random programs\Puzzle Panel Solver but C++\Puzzle Panel Solver but C++\ProgramLogic.cpp(97,22): warning C4018: '<': signed/unsigned mismatch
D:\Random programs\Puzzle Panel Solver but C++\Puzzle Panel Solver but C++\ProgramLogic.cpp(109,22): warning C4018: '<': signed/unsigned mismatch
D:\Random programs\Puzzle Panel Solver but C++\Puzzle Panel Solver but C++\ProgramLogic.cpp(110,23): warning C4018: '<': signed/unsigned mismatch
D:\Random programs\Puzzle Panel Solver but C++\Puzzle Panel Solver but C++\ProgramLogic.cpp(139,32): warning C4018: '<': signed/unsigned mismatch
D:\Random programs\Puzzle Panel Solver but C++\Puzzle Panel Solver but C++\ProgramLogic.cpp(155,22): warning C4018: '<': signed/unsigned mismatch
D:\Random programs\Puzzle Panel Solver but C++\Puzzle Panel Solver but C++\ProgramLogic.cpp(178,50): warning C4018: '<': signed/unsigned mismatch
D:\Random programs\Puzzle Panel Solver but C++\Puzzle Panel Solver but C++\ProgramLogic.cpp(187,22): warning C4018: '<': signed/unsigned mismatch
D:\Random programs\Puzzle Panel Solver but C++\Puzzle Panel Solver but C++\ProgramLogic.cpp(217,20): warning C4018: '<': signed/unsigned mismatch
  Generating Code...
  Puzzle Panel Solver but C++.vcxproj -> D:\Random programs\Puzzle Panel Solver but C++\Debug\Puzzle Panel Solver but C++.exe
